#
# A fatal error has been detected by the Java Runtime Environment:
#
#  EXCEPTION_ACCESS_VIOLATION (0xc0000005) at pc=0x00000000040026ee, pid=5736, tid=0x0000000000002470
#
# JRE version: OpenJDK Runtime Environment (8.0_152-b01) (build 1.8.0_152-release-1343-b01)
# Java VM: OpenJDK 64-Bit Server VM (25.152-b01 mixed mode windows-amd64 compressed oops)
# Problematic frame:
# J 5247 C2 java.util.HashMap$HashIterator.nextNode()Ljava/util/HashMap$Node; (100 bytes) @ 0x00000000040026ee [0x00000000040026a0+0x4e]
#
# Failed to write core dump. Minidumps are not enabled by default on client versions of Windows
#
# If you would like to submit a bug report, please visit:
#   http://bugreport.java.com/bugreport/crash.jsp
#

---------------  T H R E A D  ---------------

Current thread (0x000000001e0e2800):  JavaThread "Daemon worker Thread 6" [_thread_in_Java, id=9328, stack(0x0000000024b00000,0x0000000024c00000)]

siginfo: ExceptionCode=0xc0000005, reading address 0x0000000000000418

Registers:
RAX=0x0000000100023f48, RBX=0x0000000000000400, RCX=0x000000002000363d, RDX=0x00000000e1621320
RSP=0x0000000024bf6e80, RBP=0x0000000000000001, RSI=0x000000010008d760, RDI=0x000000001e6b8ae0
R8 =0x0000000000000001, R9 =0x00000000a099bdc8, R10=0x00000000a099c300, R11=0x00000000000001f8
R12=0x0000000000000000, R13=0x0000000000000004, R14=0x0000000024bf6ee0, R15=0x000000001e0e2800
RIP=0x00000000040026ee, EFLAGS=0x0000000000010206

Top of Stack: (sp=0x0000000024bf6e80)
0x0000000024bf6e80:   0000000000000000 00000000036b7f2b
0x0000000024bf6e90:   00000000a099bdc8 00000000036b89b4
0x0000000024bf6ea0:   0000000024bf99e8 00000000034014f4
0x0000000024bf6eb0:   0000000024bf99e8 00000000033be918
0x0000000024bf6ec0:   0000000100001df8 00000000034c36f9
0x0000000024bf6ed0:   00000000e16211b0 00000000039bf888
0x0000000024bf6ee0:   0000000024bf99e8 00000000033db9cc
0x0000000024bf6ef0:   00000000e16211b0 000000000362c2ac
0x0000000024bf6f00:   00000000a032fe78 00000000a099bdc8
0x0000000024bf6f10:   00000000e16211a0 00000000e1621320
0x0000000024bf6f20:   0000000000000001 0000000024bf6f40
0x0000000024bf6f30:   0000000024bf99e8 0000000003eb2f64
0x0000000024bf6f40:   0000000000000001 000000000385167a
0x0000000024bf6f50:   00000000e161ff00 0000000003ad6eb0
0x0000000024bf6f60:   00000000e1620020 0000000003316592
0x0000000024bf6f70:   00000001000119a8 0000000000000000 

Instructions: (pc=0x00000000040026ee)
0x00000000040026ce:   52 1c 45 8b 42 18 8b 5a 14 8b 6a 0c 44 3b c5 0f
0x00000000040026de:   85 2e 01 00 00 85 db 0f 84 3e 01 00 00 89 5a 18
0x00000000040026ee:   44 8b 43 18 44 89 42 14 4c 8b da 49 c1 eb 09 bf
0x00000000040026fe:   00 00 00 12 46 88 24 1f 45 85 c0 0f 85 dc 00 00 


Register to memory mapping:

RAX=0x0000000100023f48 is pointing into metadata
RBX=0x0000000000000400 is an unknown value
RCX=0x000000002000363d is pointing into metadata
RDX=0x00000000e1621320 is an oop
java.util.HashMap$KeyIterator 
 - klass: 'java/util/HashMap$KeyIterator'
RSP=0x0000000024bf6e80 is pointing into the stack for thread: 0x000000001e0e2800
RBP=0x0000000000000001 is an unknown value
RSI=0x000000010008d760 is pointing into metadata
RDI=0x000000001e6b8ae0 is pointing into metadata
R8 =0x0000000000000001 is an unknown value
R9 =0x00000000a099bdc8 is an oop
org.codehaus.groovy.reflection.stdclasses.CachedSAMClass 
 - klass: 'org/codehaus/groovy/reflection/stdclasses/CachedSAMClass'
R10=0x00000000a099c300 is an oop
java.util.HashMap 
 - klass: 'java/util/HashMap'
R11=0x00000000000001f8 is an unknown value
R12=0x0000000000000000 is an unknown value
R13=0x0000000000000004 is an unknown value
R14=0x0000000024bf6ee0 is pointing into the stack for thread: 0x000000001e0e2800
R15=0x000000001e0e2800 is a thread


Stack: [0x0000000024b00000,0x0000000024c00000],  sp=0x0000000024bf6e80,  free space=987k
Native frames: (J=compiled Java code, j=interpreted, Vv=VM code, C=native code)
C  0x00000000040026ee


---------------  P R O C E S S  ---------------

Java Threads: ( => current thread )
  0x000000001dbdd800 JavaThread "Build operations Thread 4" [_thread_blocked, id=10580, stack(0x0000000025d00000,0x0000000025e00000)]
  0x000000001dbd8800 JavaThread "Build operations Thread 3" [_thread_blocked, id=5684, stack(0x0000000025c00000,0x0000000025d00000)]
  0x000000001dbde800 JavaThread "Build operations Thread 2" [_thread_blocked, id=1068, stack(0x0000000025b00000,0x0000000025c00000)]
  0x000000001dbda000 JavaThread "Build operations" [_thread_blocked, id=1516, stack(0x0000000025a00000,0x0000000025b00000)]
  0x000000001e0e5800 JavaThread "Cache worker for Artifact transforms cache (C:\Users\yildi\.gradle\caches\transforms-1)" [_thread_blocked, id=2448, stack(0x0000000025900000,0x0000000025a00000)]
  0x000000001e0e1800 JavaThread "Cache worker for file hash cache (C:\Users\yildi\AndroidStudioProjects\MyApplication\.gradle\4.6\fileHashes)" [_thread_blocked, id=4948, stack(0x0000000025800000,0x0000000025900000)]
  0x000000001e0e4800 JavaThread "Stdin handler" [_thread_blocked, id=4764, stack(0x0000000025700000,0x0000000025800000)]
  0x000000001e0e1000 JavaThread "Asynchronous log dispatcher for DefaultDaemonConnection: socket connection from /127.0.0.1:55132 to /127.0.0.1:56038" [_thread_blocked, id=6288, stack(0x0000000025600000,0x0000000025700000)]
  0x000000001e0e4000 JavaThread "Cancel handler" [_thread_blocked, id=10308, stack(0x0000000025500000,0x0000000025600000)]
  0x000000001e0df800 JavaThread "Handler for socket connection from /127.0.0.1:55132 to /127.0.0.1:56038" [_thread_in_native, id=2032, stack(0x0000000025400000,0x0000000025500000)]
=>0x000000001e0e2800 JavaThread "Daemon worker Thread 6" [_thread_in_Java, id=9328, stack(0x0000000024b00000,0x0000000024c00000)]
  0x000000001e0e6000 JavaThread "Daemon Thread 6" [_thread_blocked, id=10204, stack(0x0000000024800000,0x0000000024900000)]
  0x000000001b8d8800 JavaThread "File lock request listener" [_thread_in_native, id=2628, stack(0x000000001d4d0000,0x000000001d5d0000)]
  0x000000001b8d8000 JavaThread "Cache worker for file hash cache (C:\Users\yildi\.gradle\caches\4.6\fileHashes)" [_thread_blocked, id=3796, stack(0x000000001d3d0000,0x000000001d4d0000)]
  0x00000000191c1000 JavaThread "Daemon periodic checks" [_thread_blocked, id=716, stack(0x000000001a930000,0x000000001aa30000)]
  0x0000000018c2e000 JavaThread "Incoming local TCP Connector on port 55132" [_thread_in_native, id=4300, stack(0x000000001a700000,0x000000001a800000)]
  0x0000000018410800 JavaThread "Service Thread" daemon [_thread_blocked, id=8664, stack(0x00000000187f0000,0x00000000188f0000)]
  0x0000000016abc000 JavaThread "C1 CompilerThread2" daemon [_thread_blocked, id=5312, stack(0x00000000182f0000,0x00000000183f0000)]
  0x0000000016ab1000 JavaThread "C2 CompilerThread1" daemon [_thread_blocked, id=4256, stack(0x00000000181f0000,0x00000000182f0000)]
  0x0000000016aac000 JavaThread "C2 CompilerThread0" daemon [_thread_blocked, id=2472, stack(0x00000000180f0000,0x00000000181f0000)]
  0x0000000016ab6800 JavaThread "Attach Listener" daemon [_thread_blocked, id=6924, stack(0x0000000017ff0000,0x00000000180f0000)]
  0x0000000016ab5000 JavaThread "Signal Dispatcher" daemon [_thread_blocked, id=9448, stack(0x0000000017ef0000,0x0000000017ff0000)]
  0x000000000313b000 JavaThread "Finalizer" daemon [_thread_blocked, id=8616, stack(0x0000000017d00000,0x0000000017e00000)]
  0x0000000003130000 JavaThread "Reference Handler" daemon [_thread_blocked, id=8984, stack(0x0000000017c00000,0x0000000017d00000)]
  0x0000000002f3d800 JavaThread "main" [_thread_blocked, id=4556, stack(0x0000000002f40000,0x0000000003040000)]

Other Threads:
  0x0000000016a76800 VMThread [stack: 0x0000000017b00000,0x0000000017c00000] [id=1412]
  0x0000000016b0d800 WatcherThread [stack: 0x00000000188f0000,0x00000000189f0000] [id=4856]

VM state:not at safepoint (normal execution)

VM Mutex/Monitor currently owned by a thread: None

Heap:
 PSYoungGen      total 59904K, used 26602K [0x00000000e0000000, 0x00000000e6400000, 0x0000000100000000)
  eden space 55808K, 40% used [0x00000000e0000000,0x00000000e1622a68,0x00000000e3680000)
  from space 4096K, 96% used [0x00000000e6000000,0x00000000e63d8000,0x00000000e6400000)
  to   space 10752K, 0% used [0x00000000e4f00000,0x00000000e4f00000,0x00000000e5980000)
 ParOldGen       total 57856K, used 11996K [0x00000000a0000000, 0x00000000a3880000, 0x00000000e0000000)
  object space 57856K, 20% used [0x00000000a0000000,0x00000000a0bb7080,0x00000000a3880000)
 Metaspace       used 33043K, capacity 33904K, committed 34048K, reserved 1079296K
  class space    used 4493K, capacity 4768K, committed 4864K, reserved 1048576K

Card table byte_map: [0x0000000012500000,0x0000000012810000] byte_map_base: 0x0000000012000000

Marking Bits: (ParMarkBitMap*) 0x0000000058f05aa0
 Begin Bits: [0x0000000012e10000, 0x0000000014610000)
 End Bits:   [0x0000000014610000, 0x0000000015e10000)

Polling page: 0x0000000001320000

CodeCache: size=245760Kb used=15497Kb max_used=15497Kb free=230262Kb
 bounds [0x0000000003140000, 0x0000000004080000, 0x0000000012140000]
 total_blobs=5428 nmethods=4766 adapters=574
 compilation: enabled

Compilation events (10 events):
Event: 3035.234 Thread 0x0000000016ab1000 nmethod 5355 0x0000000004064750 code [0x0000000004064880, 0x0000000004064918]
Event: 3035.238 Thread 0x0000000016abc000 5356       1       com.google.common.cache.LocalCache$AccessQueue$1::setPreviousInAccessQueue (6 bytes)
Event: 3035.238 Thread 0x0000000016abc000 nmethod 5356 0x000000000406d750 code [0x000000000406d8a0, 0x000000000406d9d0]
Event: 3035.243 Thread 0x0000000016abc000 5357       3       java.util.Collections$SetFromMap::contains (11 bytes)
Event: 3035.243 Thread 0x0000000016abc000 nmethod 5357 0x000000000406d310 code [0x000000000406d480, 0x000000000406d6a8]
Event: 3035.243 Thread 0x0000000016abc000 5358       3       groovy.lang.MetaClassImpl::findMethodInClassHierarchy (281 bytes)
Event: 3035.246 Thread 0x0000000016abc000 nmethod 5358 0x0000000004071990 code [0x0000000004071e00, 0x00000000040749b8]
Event: 3035.246 Thread 0x0000000016abc000 5359       3       com.google.common.collect.AbstractMapBasedMultimap$WrappedCollection::iterator (13 bytes)
Event: 3035.246 Thread 0x0000000016abc000 nmethod 5359 0x000000000406ce10 code [0x000000000406cf80, 0x000000000406d218]
Event: 3035.246 Thread 0x0000000016abc000 5360       3       com.google.common.collect.AbstractMapBasedMultimap$WrappedCollection$WrappedIterator::<init> (36 bytes)

GC Heap History (10 events):
Event: 10.381 GC heap before
{Heap before GC invocations=7 (full 1):
 PSYoungGen      total 38400K, used 33280K [0x00000000e0000000, 0x00000000e5500000, 0x0000000100000000)
  eden space 33280K, 100% used [0x00000000e0000000,0x00000000e2080000,0x00000000e2080000)
  from space 5120K, 0% used [0x00000000e2080000,0x00000000e2080000,0x00000000e2580000)
  to   space 10240K, 0% used [0x00000000e4b00000,0x00000000e4b00000,0x00000000e5500000)
 ParOldGen       total 57856K, used 8234K [0x00000000a0000000, 0x00000000a3880000, 0x00000000e0000000)
  object space 57856K, 14% used [0x00000000a0000000,0x00000000a080aa60,0x00000000a3880000)
 Metaspace       used 23892K, capacity 24236K, committed 24448K, reserved 1071104K
  class space    used 3294K, capacity 3415K, committed 3456K, reserved 1048576K
Event: 10.394 GC heap after
Heap after GC invocations=7 (full 1):
 PSYoungGen      total 59904K, used 3613K [0x00000000e0000000, 0x00000000e4f00000, 0x0000000100000000)
  eden space 55808K, 0% used [0x00000000e0000000,0x00000000e0000000,0x00000000e3680000)
  from space 4096K, 88% used [0x00000000e4b00000,0x00000000e4e876a8,0x00000000e4f00000)
  to   space 10240K, 0% used [0x00000000e3b00000,0x00000000e3b00000,0x00000000e4500000)
 ParOldGen       total 57856K, used 8242K [0x00000000a0000000, 0x00000000a3880000, 0x00000000e0000000)
  object space 57856K, 14% used [0x00000000a0000000,0x00000000a080ca60,0x00000000a3880000)
 Metaspace       used 23892K, capacity 24236K, committed 24448K, reserved 1071104K
  class space    used 3294K, capacity 3415K, committed 3456K, reserved 1048576K
}
Event: 11.802 GC heap before
{Heap before GC invocations=8 (full 1):
 PSYoungGen      total 59904K, used 59421K [0x00000000e0000000, 0x00000000e4f00000, 0x0000000100000000)
  eden space 55808K, 100% used [0x00000000e0000000,0x00000000e3680000,0x00000000e3680000)
  from space 4096K, 88% used [0x00000000e4b00000,0x00000000e4e876a8,0x00000000e4f00000)
  to   space 10240K, 0% used [0x00000000e3b00000,0x00000000e3b00000,0x00000000e4500000)
 ParOldGen       total 57856K, used 8242K [0x00000000a0000000, 0x00000000a3880000, 0x00000000e0000000)
  object space 57856K, 14% used [0x00000000a0000000,0x00000000a080ca60,0x00000000a3880000)
 Metaspace       used 27664K, capacity 27980K, committed 28160K, reserved 1073152K
  class space    used 3852K, capacity 3977K, committed 4096K, reserved 1048576K
Event: 11.816 GC heap after
Heap after GC invocations=8 (full 1):
 PSYoungGen      total 70656K, used 6630K [0x00000000e0000000, 0x00000000e6e80000, 0x0000000100000000)
  eden space 60416K, 0% used [0x00000000e0000000,0x00000000e0000000,0x00000000e3b00000)
  from space 10240K, 64% used [0x00000000e3b00000,0x00000000e4179bd8,0x00000000e4500000)
  to   space 10240K, 0% used [0x00000000e6480000,0x00000000e6480000,0x00000000e6e80000)
 ParOldGen       total 57856K, used 8250K [0x00000000a0000000, 0x00000000a3880000, 0x00000000e0000000)
  object space 57856K, 14% used [0x00000000a0000000,0x00000000a080ea60,0x00000000a3880000)
 Metaspace       used 27664K, capacity 27980K, committed 28160K, reserved 1073152K
  class space    used 3852K, capacity 3977K, committed 4096K, reserved 1048576K
}
Event: 1266.019 GC heap before
{Heap before GC invocations=9 (full 1):
 PSYoungGen      total 70656K, used 67046K [0x00000000e0000000, 0x00000000e6e80000, 0x0000000100000000)
  eden space 60416K, 100% used [0x00000000e0000000,0x00000000e3b00000,0x00000000e3b00000)
  from space 10240K, 64% used [0x00000000e3b00000,0x00000000e4179bd8,0x00000000e4500000)
  to   space 10240K, 0% used [0x00000000e6480000,0x00000000e6480000,0x00000000e6e80000)
 ParOldGen       total 57856K, used 8250K [0x00000000a0000000, 0x00000000a3880000, 0x00000000e0000000)
  object space 57856K, 14% used [0x00000000a0000000,0x00000000a080ea60,0x00000000a3880000)
 Metaspace       used 30540K, capacity 30978K, committed 31104K, reserved 1075200K
  class space    used 4248K, capacity 4422K, committed 4480K, reserved 1048576K
Event: 1266.037 GC heap after
Heap after GC invocations=9 (full 1):
 PSYoungGen      total 66560K, used 7549K [0x00000000e0000000, 0x00000000e6c00000, 0x0000000100000000)
  eden space 58880K, 0% used [0x00000000e0000000,0x00000000e0000000,0x00000000e3980000)
  from space 7680K, 98% used [0x00000000e6480000,0x00000000e6bdf5f0,0x00000000e6c00000)
  to   space 10240K, 0% used [0x00000000e5800000,0x00000000e5800000,0x00000000e6200000)
 ParOldGen       total 57856K, used 8258K [0x00000000a0000000, 0x00000000a3880000, 0x00000000e0000000)
  object space 57856K, 14% used [0x00000000a0000000,0x00000000a0810a60,0x00000000a3880000)
 Metaspace       used 30540K, capacity 30978K, committed 31104K, reserved 1075200K
  class space    used 4248K, capacity 4422K, committed 4480K, reserved 1048576K
}
Event: 1922.948 GC heap before
{Heap before GC invocations=10 (full 1):
 PSYoungGen      total 66560K, used 66429K [0x00000000e0000000, 0x00000000e6c00000, 0x0000000100000000)
  eden space 58880K, 100% used [0x00000000e0000000,0x00000000e3980000,0x00000000e3980000)
  from space 7680K, 98% used [0x00000000e6480000,0x00000000e6bdf5f0,0x00000000e6c00000)
  to   space 10240K, 0% used [0x00000000e5800000,0x00000000e5800000,0x00000000e6200000)
 ParOldGen       total 57856K, used 8258K [0x00000000a0000000, 0x00000000a3880000, 0x00000000e0000000)
  object space 57856K, 14% used [0x00000000a0000000,0x00000000a0810a60,0x00000000a3880000)
 Metaspace       used 32310K, capacity 33044K, committed 33280K, reserved 1077248K
  class space    used 4478K, capacity 4742K, committed 4864K, reserved 1048576K
Event: 1922.966 GC heap after
Heap after GC invocations=10 (full 1):
 PSYoungGen      total 65536K, used 7916K [0x00000000e0000000, 0x00000000e6500000, 0x0000000100000000)
  eden space 57344K, 0% used [0x00000000e0000000,0x00000000e0000000,0x00000000e3800000)
  from space 8192K, 96% used [0x00000000e5800000,0x00000000e5fbb0b0,0x00000000e6000000)
  to   space 5120K, 0% used [0x00000000e6000000,0x00000000e6000000,0x00000000e6500000)
 ParOldGen       total 57856K, used 9534K [0x00000000a0000000, 0x00000000a3880000, 0x00000000e0000000)
  object space 57856K, 16% used [0x00000000a0000000,0x00000000a094fae0,0x00000000a3880000)
 Metaspace       used 32310K, capacity 33044K, committed 33280K, reserved 1077248K
  class space    used 4478K, capacity 4742K, committed 4864K, reserved 1048576K
}
Event: 3030.487 GC heap before
{Heap before GC invocations=11 (full 1):
 PSYoungGen      total 65536K, used 65260K [0x00000000e0000000, 0x00000000e6500000, 0x0000000100000000)
  eden space 57344K, 100% used [0x00000000e0000000,0x00000000e3800000,0x00000000e3800000)
  from space 8192K, 96% used [0x00000000e5800000,0x00000000e5fbb0b0,0x00000000e6000000)
  to   space 5120K, 0% used [0x00000000e6000000,0x00000000e6000000,0x00000000e6500000)
 ParOldGen       total 57856K, used 9534K [0x00000000a0000000, 0x00000000a3880000, 0x00000000e0000000)
  object space 57856K, 16% used [0x00000000a0000000,0x00000000a094fae0,0x00000000a3880000)
 Metaspace       used 32859K, capacity 33664K, committed 33792K, reserved 1079296K
  class space    used 4488K, capacity 4760K, committed 4864K, reserved 1048576K
Event: 3030.513 GC heap after
Heap after GC invocations=11 (full 1):
 PSYoungGen      total 59904K, used 3936K [0x00000000e0000000, 0x00000000e6400000, 0x0000000100000000)
  eden space 55808K, 0% used [0x00000000e0000000,0x00000000e0000000,0x00000000e3680000)
  from space 4096K, 96% used [0x00000000e6000000,0x00000000e63d8000,0x00000000e6400000)
  to   space 10752K, 0% used [0x00000000e4f00000,0x00000000e4f00000,0x00000000e5980000)
 ParOldGen       total 57856K, used 11996K [0x00000000a0000000, 0x00000000a3880000, 0x00000000e0000000)
  object space 57856K, 20% used [0x00000000a0000000,0x00000000a0bb7080,0x00000000a3880000)
 Metaspace       used 32859K, capacity 33664K, committed 33792K, reserved 1079296K
  class space    used 4488K, capacity 4760K, committed 4864K, reserved 1048576K
}

Deoptimization events (10 events):
Event: 1905.693 Thread 0x000000001e0e2800 Uncommon trap: reason=bimorphic action=maybe_recompile pc=0x000000000397eb74 method=java.lang.ClassLoader.getPackage(Ljava/lang/String;)Ljava/lang/Package; @ 47
Event: 1905.697 Thread 0x000000001e0e2800 Uncommon trap: reason=unstable_if action=reinterpret pc=0x000000000397e5e8 method=java.net.URLClassLoader.getAndVerifyPackage(Ljava/lang/String;Ljava/util/jar/Manifest;Ljava/net/URL;)Ljava/lang/Package; @ 62
Event: 1906.501 Thread 0x000000001e0e2800 Uncommon trap: reason=unstable_if action=reinterpret pc=0x000000000359e740 method=java.util.WeakHashMap.expungeStaleEntries()V @ 9
Event: 1906.622 Thread 0x000000001e0e2800 Uncommon trap: reason=bimorphic action=maybe_recompile pc=0x00000000039ca64c method=org.codehaus.groovy.runtime.metaclass.MetaMethodIndex.addMethodToList(Ljava/lang/Object;Lgroovy/lang/MetaMethod;)Ljava/lang/Object; @ 96
Event: 1907.453 Thread 0x000000001e0e2800 Uncommon trap: reason=unloaded action=reinterpret pc=0x0000000003d1b584 method=java.util.HashMap$HashIterator.nextNode()Ljava/util/HashMap$Node; @ 31
Event: 1922.968 Thread 0x000000000313b000 Uncommon trap: reason=unstable_if action=reinterpret pc=0x0000000003692224 method=java.util.WeakHashMap.expungeStaleEntries()V @ 9
Event: 3030.550 Thread 0x000000001e0e2800 Uncommon trap: reason=unstable_if action=reinterpret pc=0x00000000038ba2c8 method=java.lang.ref.SoftReference.get()Ljava/lang/Object; @ 6
Event: 3030.551 Thread 0x000000001e0e2800 Uncommon trap: reason=unstable_if action=reinterpret pc=0x00000000036b1c74 method=java.lang.ref.SoftReference.get()Ljava/lang/Object; @ 6
Event: 3031.267 Thread 0x000000001e0e2800 Uncommon trap: reason=unstable_if action=reinterpret pc=0x0000000003270a1c method=java.util.concurrent.ConcurrentHashMap.get(Ljava/lang/Object;)Ljava/lang/Object; @ 86
Event: 3031.324 Thread 0x000000001e0e2800 Uncommon trap: reason=unstable_if action=reinterpret pc=0x0000000003f885b0 method=java.util.concurrent.locks.ReentrantLock$Sync.nonfairTryAcquire(I)Z @ 19

Classes redefined (0 events):
No events

Internal exceptions (10 events):
Event: 2501.966 Thread 0x000000001e0e2800 Implicit null exception at 0x0000000003acf178 to 0x0000000003acf41a
Event: 2501.966 Thread 0x000000001e0e2800 Exception <a 'java/lang/NullPointerException'> (0x00000000e2ef45b8) thrown at [D:\src\AOSP-openjdk-cygwin\jdk8u\hotspot\src\share\vm\runtime\sharedRuntime.cpp, line 605]
Event: 2501.966 Thread 0x000000001e0e2800 Exception <a 'java/lang/reflect/InvocationTargetException'> (0x00000000e2ef5700) thrown at [D:\src\AOSP-openjdk-cygwin\jdk8u\hotspot\src\share\vm\runtime\reflection.cpp, line 1092]
Event: 2501.966 Thread 0x000000001e0e2800 Exception <a 'java/lang/reflect/InvocationTargetException'> (0x00000000e2ef60b0) thrown at [D:\src\AOSP-openjdk-cygwin\jdk8u\hotspot\src\share\vm\runtime\reflection.cpp, line 1092]
Event: 3030.550 Thread 0x000000001e0e2800 Implicit null exception at 0x00000000038b9e40 to 0x00000000038ba2ad
Event: 3031.300 Thread 0x000000001e0e2800 Implicit null exception at 0x0000000003acf178 to 0x0000000003acf41a
Event: 3031.300 Thread 0x000000001e0e2800 Exception <a 'java/lang/NullPointerException'> (0x00000000e083e268) thrown at [D:\src\AOSP-openjdk-cygwin\jdk8u\hotspot\src\share\vm\runtime\sharedRuntime.cpp, line 605]
Event: 3031.300 Thread 0x000000001e0e2800 Exception <a 'java/lang/reflect/InvocationTargetException'> (0x00000000e083f3b0) thrown at [D:\src\AOSP-openjdk-cygwin\jdk8u\hotspot\src\share\vm\runtime\reflection.cpp, line 1092]
Event: 3031.300 Thread 0x000000001e0e2800 Exception <a 'java/lang/reflect/InvocationTargetException'> (0x00000000e083fd60) thrown at [D:\src\AOSP-openjdk-cygwin\jdk8u\hotspot\src\share\vm\runtime\reflection.cpp, line 1092]
Event: 3035.247 Thread 0x000000001e0e2800 Implicit null exception at 0x00000000040026ee to 0x0000000000000000

Events (10 events):
Event: 3035.110 Executing VM operation: RevokeBias
Event: 3035.111 Executing VM operation: RevokeBias done
Event: 3035.112 Executing VM operation: RevokeBias
Event: 3035.112 Executing VM operation: RevokeBias done
Event: 3035.112 Executing VM operation: RevokeBias
Event: 3035.113 Executing VM operation: RevokeBias done
Event: 3035.113 Executing VM operation: RevokeBias
Event: 3035.113 Executing VM operation: RevokeBias done
Event: 3035.246 loading class groovy/runtime/metaclass/org/gradle/api/tasks/Delete_DecoratedMetaClass
Event: 3035.246 loading class groovy/runtime/metaclass/org/gradle/api/tasks/Delete_DecoratedMetaClass done


Dynamic libraries:
0x00007ff660850000 - 0x00007ff660881000 	C:\Program Files\Android\Android Studio\jre\bin\java.exe
0x00007ffbabe40000 - 0x00007ffbac021000 	C:\WINDOWS\SYSTEM32\ntdll.dll
0x00007ffbaa180000 - 0x00007ffbaa231000 	C:\WINDOWS\System32\KERNEL32.DLL
0x00007ffba8c30000 - 0x00007ffba8ea3000 	C:\WINDOWS\System32\KERNELBASE.dll
0x00007ffbabbb0000 - 0x00007ffbabc51000 	C:\WINDOWS\System32\ADVAPI32.dll
0x00007ffbab7e0000 - 0x00007ffbab87e000 	C:\WINDOWS\System32\msvcrt.dll
0x00007ffba9450000 - 0x00007ffba94ab000 	C:\WINDOWS\System32\sechost.dll
0x00007ffba9b20000 - 0x00007ffba9c44000 	C:\WINDOWS\System32\RPCRT4.dll
0x00007ffbabc60000 - 0x00007ffbabdf0000 	C:\WINDOWS\System32\USER32.dll
0x00007ffba8260000 - 0x00007ffba8280000 	C:\WINDOWS\System32\win32u.dll
0x00007ffbaba20000 - 0x00007ffbaba48000 	C:\WINDOWS\System32\GDI32.dll
0x00007ffba8a90000 - 0x00007ffba8c21000 	C:\WINDOWS\System32\gdi32full.dll
0x00007ffba89f0000 - 0x00007ffba8a8f000 	C:\WINDOWS\System32\msvcp_win.dll
0x00007ffba8eb0000 - 0x00007ffba8fa8000 	C:\WINDOWS\System32\ucrtbase.dll
0x00007ffb94e20000 - 0x00007ffb95089000 	C:\WINDOWS\WinSxS\amd64_microsoft.windows.common-controls_6595b64144ccf1df_6.0.17134.950_none_fb3da4273069d3e0\COMCTL32.dll
0x00007ffba9c50000 - 0x00007ffba9f72000 	C:\WINDOWS\System32\combase.dll
0x00007ffba9250000 - 0x00007ffba92c9000 	C:\WINDOWS\System32\bcryptPrimitives.dll
0x00007ffbab9f0000 - 0x00007ffbaba1d000 	C:\WINDOWS\System32\IMM32.DLL
0x0000000059520000 - 0x00000000595f2000 	C:\Program Files\Android\Android Studio\jre\jre\bin\msvcr100.dll
0x0000000058740000 - 0x0000000058f81000 	C:\Program Files\Android\Android Studio\jre\jre\bin\server\jvm.dll
0x00007ffbabdf0000 - 0x00007ffbabdf8000 	C:\WINDOWS\System32\PSAPI.DLL
0x00007ffba63c0000 - 0x00007ffba63c9000 	C:\WINDOWS\SYSTEM32\WSOCK32.dll
0x00007ffbaa110000 - 0x00007ffbaa17c000 	C:\WINDOWS\System32\WS2_32.dll
0x00007ffba51b0000 - 0x00007ffba51d3000 	C:\WINDOWS\SYSTEM32\WINMM.dll
0x00007ffb9a0e0000 - 0x00007ffb9a0ea000 	C:\WINDOWS\SYSTEM32\VERSION.dll
0x00007ffba5180000 - 0x00007ffba51aa000 	C:\WINDOWS\SYSTEM32\WINMMBASE.dll
0x00007ffba8210000 - 0x00007ffba8259000 	C:\WINDOWS\System32\cfgmgr32.dll
0x00007ffba63b0000 - 0x00007ffba63bf000 	C:\Program Files\Android\Android Studio\jre\jre\bin\verify.dll
0x00007ffba6380000 - 0x00007ffba63a9000 	C:\Program Files\Android\Android Studio\jre\jre\bin\java.dll
0x00007ffba4950000 - 0x00007ffba4966000 	C:\Program Files\Android\Android Studio\jre\jre\bin\zip.dll
0x00007ffbaa240000 - 0x00007ffbab680000 	C:\WINDOWS\System32\SHELL32.dll
0x00007ffba92d0000 - 0x00007ffba9379000 	C:\WINDOWS\System32\shcore.dll
0x00007ffba82e0000 - 0x00007ffba89ed000 	C:\WINDOWS\System32\windows.storage.dll
0x00007ffbab680000 - 0x00007ffbab6d1000 	C:\WINDOWS\System32\shlwapi.dll
0x00007ffba81b0000 - 0x00007ffba81c1000 	C:\WINDOWS\System32\kernel.appcore.dll
0x00007ffba81d0000 - 0x00007ffba81ef000 	C:\WINDOWS\System32\profapi.dll
0x00007ffba8160000 - 0x00007ffba81ac000 	C:\WINDOWS\System32\powrprof.dll
0x00007ffba8150000 - 0x00007ffba815a000 	C:\WINDOWS\System32\FLTLIB.DLL
0x00007ffba24b0000 - 0x00007ffba24ca000 	C:\Program Files\Android\Android Studio\jre\jre\bin\net.dll
0x00007ffba79d0000 - 0x00007ffba7a36000 	C:\WINDOWS\system32\mswsock.dll
0x00007ffba2490000 - 0x00007ffba24a1000 	C:\Program Files\Android\Android Studio\jre\jre\bin\nio.dll
0x00007ffb9d510000 - 0x00007ffb9d52e000 	C:\Users\yildi\.gradle\native\25\windows-amd64\native-platform.dll
0x00007ffba6370000 - 0x00007ffba637d000 	C:\Program Files\Android\Android Studio\jre\jre\bin\management.dll
0x00007ffba7b80000 - 0x00007ffba7b97000 	C:\WINDOWS\SYSTEM32\CRYPTSP.dll
0x00007ffba7580000 - 0x00007ffba75b3000 	C:\WINDOWS\system32\rsaenh.dll
0x00007ffba7cb0000 - 0x00007ffba7cd5000 	C:\WINDOWS\SYSTEM32\bcrypt.dll
0x00007ffba8050000 - 0x00007ffba8078000 	C:\WINDOWS\SYSTEM32\USERENV.dll
0x00007ffba7ba0000 - 0x00007ffba7bab000 	C:\WINDOWS\SYSTEM32\CRYPTBASE.dll
0x00007ffba7720000 - 0x00007ffba7758000 	C:\WINDOWS\SYSTEM32\IPHLPAPI.DLL
0x00007ffbaa100000 - 0x00007ffbaa108000 	C:\WINDOWS\System32\NSI.dll
0x00007ffb9e8a0000 - 0x00007ffb9e8b6000 	C:\WINDOWS\SYSTEM32\dhcpcsvc6.DLL
0x00007ffb9eda0000 - 0x00007ffb9edba000 	C:\WINDOWS\SYSTEM32\dhcpcsvc.DLL
0x00007ffb98780000 - 0x00007ffb98949000 	C:\WINDOWS\SYSTEM32\dbghelp.dll

VM Arguments:
jvm_args: -Xmx1536m -Dfile.encoding=windows-1254 -Duser.country=TR -Duser.language=tr -Duser.variant 
java_command: org.gradle.launcher.daemon.bootstrap.GradleDaemon 4.6
java_class_path (initial): C:\Users\yildi\.gradle\wrapper\dists\gradle-4.6-all\bcst21l2brirad8k2ben1letg\gradle-4.6\lib\gradle-launcher-4.6.jar
Launcher Type: SUN_STANDARD

Environment Variables:
PATH=C:\Program Files (x86)\Common Files\Oracle\Java\javapath;C:\WINDOWS\system32;C:\WINDOWS;C:\WINDOWS\System32\Wbem;C:\WINDOWS\System32\WindowsPowerShell\v1.0\;C:\WINDOWS\System32\OpenSSH\;C:\Program Files\Microsoft SQL Server\130\Tools\Binn\;C:\Users\yildi\AppData\Local\Microsoft\WindowsApps;
USERNAME=yildi
OS=Windows_NT
PROCESSOR_IDENTIFIER=Intel64 Family 6 Model 69 Stepping 1, GenuineIntel



---------------  S Y S T E M  ---------------

OS: Windows 10.0 , 64 bit Build 17134 (10.0.17134.753)

CPU:total 4 (initial active 4) (2 cores per cpu, 2 threads per core) family 6 model 69 stepping 1, cmov, cx8, fxsr, mmx, sse, sse2, sse3, ssse3, sse4.1, sse4.2, popcnt, avx, avx2, aes, clmul, erms, lzcnt, ht, tsc, tscinvbit, bmi1, bmi2

Memory: 4k page, physical 8302264k(2757828k free), swap 9612984k(2653404k free)

vm_info: OpenJDK 64-Bit Server VM (25.152-b01) for windows-amd64 JRE (1.8.0_152-release-1343-b01), built by "builder" with MS VC++ 10.0 (VS2010)

time: Sun Aug 25 20:46:03 2019
elapsed time: 3035 seconds (0d 0h 50m 35s)

